C:\zMinhNhatLe\zStudy\Practice\WebAppWithBower\WebAppWithBower1\Scripts\Settings.js
C:\zMinhNhatLe\zStudy\Practice\WebAppWithBower\WebAppWithBower1\Scripts\Settings.js.map
C:\zMinhNhatLe\zStudy\Practice\WebAppWithBower\WebAppWithBower1\Scripts\test.js
C:\zMinhNhatLe\zStudy\Practice\WebAppWithBower\WebAppWithBower1\Scripts\test.js.map
C:\zMinhNhatLe\zStudy\Practice\WebAppWithBower\WebAppWithBower1\Scripts\BaseVM\RootViewModel.js
C:\zMinhNhatLe\zStudy\Practice\WebAppWithBower\WebAppWithBower1\Scripts\BaseVM\RootViewModel.js.map
C:\zMinhNhatLe\zStudy\Practice\WebAppWithBower\WebAppWithBower1\Scripts\Entities\Entities.js
C:\zMinhNhatLe\zStudy\Practice\WebAppWithBower\WebAppWithBower1\Scripts\Entities\Entities.js.map
C:\zMinhNhatLe\zStudy\Practice\WebAppWithBower\WebAppWithBower1\Scripts\Entities\EntitiesObservables.js
C:\zMinhNhatLe\zStudy\Practice\WebAppWithBower\WebAppWithBower1\Scripts\Entities\EntitiesObservables.js.map
C:\zMinhNhatLe\zStudy\Practice\WebAppWithBower\WebAppWithBower1\Scripts\Entities\ObservableObject.js
C:\zMinhNhatLe\zStudy\Practice\WebAppWithBower\WebAppWithBower1\Scripts\Entities\ObservableObject.js.map
C:\zMinhNhatLe\zStudy\Practice\WebAppWithBower\WebAppWithBower1\Scripts\Shared\Extends.js
C:\zMinhNhatLe\zStudy\Practice\WebAppWithBower\WebAppWithBower1\Scripts\Shared\Extends.js.map
C:\zMinhNhatLe\zStudy\Practice\WebAppWithBower\WebAppWithBower1\lib\typescript-compile\demo\demo.js
C:\zMinhNhatLe\zStudy\Practice\WebAppWithBower\WebAppWithBower1\lib\typescript-compile\demo\demo.js.map
C:\zMinhNhatLe\zStudy\Practice\WebAppWithBower\WebAppWithBower1\Scripts\app\Product\ProductServ.js
C:\zMinhNhatLe\zStudy\Practice\WebAppWithBower\WebAppWithBower1\Scripts\app\Product\ProductServ.js.map
C:\zMinhNhatLe\zStudy\Practice\WebAppWithBower\WebAppWithBower1\Scripts\app\Product\ProductVM.js
C:\zMinhNhatLe\zStudy\Practice\WebAppWithBower\WebAppWithBower1\Scripts\app\Product\ProductVM.js.map
